<?xml version="1.0" encoding="UTF-8"?>
<testsuite xmlns:xsi="http://www.w3.org/2001/XMLSchema-instance" xsi:noNamespaceSchemaLocation="https://maven.apache.org/surefire/maven-surefire-plugin/xsd/surefire-test-report.xsd" name="com.gara.eurekaserver.EurekaServerApplicationTests" time="10.95" tests="1" errors="0" skipped="0" failures="0">
  <properties>
    <property name="sun.desktop" value="windows"/>
    <property name="awt.toolkit" value="sun.awt.windows.WToolkit"/>
    <property name="file.encoding.pkg" value="sun.io"/>
    <property name="java.specification.version" value="1.8"/>
    <property name="sun.cpu.isalist" value="amd64"/>
    <property name="sun.jnu.encoding" value="GBK"/>
    <property name="java.class.path" value="D:\GIT\SpringCloud\eureka-server\target\test-classes;D:\GIT\SpringCloud\eureka-server\target\classes;D:\MavenRepo\org\springframework\cloud\spring-cloud-commons\2.0.4.RELEASE\spring-cloud-commons-2.0.4.RELEASE.jar;D:\MavenRepo\org\springframework\security\spring-security-crypto\5.0.8.RELEASE\spring-security-crypto-5.0.8.RELEASE.jar;D:\MavenRepo\org\springframework\boot\spring-boot-starter-test\2.0.5.RELEASE\spring-boot-starter-test-2.0.5.RELEASE.jar;D:\MavenRepo\org\springframework\boot\spring-boot-starter\2.0.5.RELEASE\spring-boot-starter-2.0.5.RELEASE.jar;D:\MavenRepo\org\springframework\boot\spring-boot\2.0.5.RELEASE\spring-boot-2.0.5.RELEASE.jar;D:\MavenRepo\org\springframework\boot\spring-boot-autoconfigure\2.0.5.RELEASE\spring-boot-autoconfigure-2.0.5.RELEASE.jar;D:\MavenRepo\org\springframework\boot\spring-boot-starter-logging\2.0.5.RELEASE\spring-boot-starter-logging-2.0.5.RELEASE.jar;D:\MavenRepo\ch\qos\logback\logback-classic\1.2.3\logback-classic-1.2.3.jar;D:\MavenRepo\ch\qos\logback\logback-core\1.2.3\logback-core-1.2.3.jar;D:\MavenRepo\org\apache\logging\log4j\log4j-to-slf4j\2.10.0\log4j-to-slf4j-2.10.0.jar;D:\MavenRepo\org\apache\logging\log4j\log4j-api\2.10.0\log4j-api-2.10.0.jar;D:\MavenRepo\org\slf4j\jul-to-slf4j\1.7.25\jul-to-slf4j-1.7.25.jar;D:\MavenRepo\javax\annotation\javax.annotation-api\1.3.2\javax.annotation-api-1.3.2.jar;D:\MavenRepo\org\yaml\snakeyaml\1.19\snakeyaml-1.19.jar;D:\MavenRepo\org\springframework\boot\spring-boot-test\2.0.5.RELEASE\spring-boot-test-2.0.5.RELEASE.jar;D:\MavenRepo\org\springframework\boot\spring-boot-test-autoconfigure\2.0.5.RELEASE\spring-boot-test-autoconfigure-2.0.5.RELEASE.jar;D:\MavenRepo\com\jayway\jsonpath\json-path\2.4.0\json-path-2.4.0.jar;D:\MavenRepo\net\minidev\json-smart\2.3\json-smart-2.3.jar;D:\MavenRepo\net\minidev\accessors-smart\1.2\accessors-smart-1.2.jar;D:\MavenRepo\org\ow2\asm\asm\5.0.4\asm-5.0.4.jar;D:\MavenRepo\org\slf4j\slf4j-api\1.7.25\slf4j-api-1.7.25.jar;D:\MavenRepo\junit\junit\4.12\junit-4.12.jar;D:\MavenRepo\org\assertj\assertj-core\3.9.1\assertj-core-3.9.1.jar;D:\MavenRepo\org\mockito\mockito-core\2.15.0\mockito-core-2.15.0.jar;D:\MavenRepo\net\bytebuddy\byte-buddy\1.7.11\byte-buddy-1.7.11.jar;D:\MavenRepo\net\bytebuddy\byte-buddy-agent\1.7.11\byte-buddy-agent-1.7.11.jar;D:\MavenRepo\org\objenesis\objenesis\2.6\objenesis-2.6.jar;D:\MavenRepo\org\hamcrest\hamcrest-core\1.3\hamcrest-core-1.3.jar;D:\MavenRepo\org\hamcrest\hamcrest-library\1.3\hamcrest-library-1.3.jar;D:\MavenRepo\org\skyscreamer\jsonassert\1.5.0\jsonassert-1.5.0.jar;D:\MavenRepo\com\vaadin\external\google\android-json\0.0.20131108.vaadin1\android-json-0.0.20131108.vaadin1.jar;D:\MavenRepo\org\springframework\spring-core\5.0.9.RELEASE\spring-core-5.0.9.RELEASE.jar;D:\MavenRepo\org\springframework\spring-jcl\5.0.9.RELEASE\spring-jcl-5.0.9.RELEASE.jar;D:\MavenRepo\org\springframework\spring-test\5.0.9.RELEASE\spring-test-5.0.9.RELEASE.jar;D:\MavenRepo\org\xmlunit\xmlunit-core\2.5.1\xmlunit-core-2.5.1.jar;D:\MavenRepo\org\springframework\boot\spring-boot-starter-web\2.0.5.RELEASE\spring-boot-starter-web-2.0.5.RELEASE.jar;D:\MavenRepo\org\springframework\boot\spring-boot-starter-json\2.0.5.RELEASE\spring-boot-starter-json-2.0.5.RELEASE.jar;D:\MavenRepo\com\fasterxml\jackson\core\jackson-databind\2.9.6\jackson-databind-2.9.6.jar;D:\MavenRepo\com\fasterxml\jackson\datatype\jackson-datatype-jdk8\2.9.6\jackson-datatype-jdk8-2.9.6.jar;D:\MavenRepo\com\fasterxml\jackson\datatype\jackson-datatype-jsr310\2.9.6\jackson-datatype-jsr310-2.9.6.jar;D:\MavenRepo\com\fasterxml\jackson\module\jackson-module-parameter-names\2.9.6\jackson-module-parameter-names-2.9.6.jar;D:\MavenRepo\org\springframework\boot\spring-boot-starter-tomcat\2.0.5.RELEASE\spring-boot-starter-tomcat-2.0.5.RELEASE.jar;D:\MavenRepo\org\apache\tomcat\embed\tomcat-embed-core\8.5.34\tomcat-embed-core-8.5.34.jar;D:\MavenRepo\org\apache\tomcat\embed\tomcat-embed-el\8.5.34\tomcat-embed-el-8.5.34.jar;D:\MavenRepo\org\apache\tomcat\embed\tomcat-embed-websocket\8.5.34\tomcat-embed-websocket-8.5.34.jar;D:\MavenRepo\org\hibernate\validator\hibernate-validator\6.0.12.Final\hibernate-validator-6.0.12.Final.jar;D:\MavenRepo\javax\validation\validation-api\2.0.1.Final\validation-api-2.0.1.Final.jar;D:\MavenRepo\org\jboss\logging\jboss-logging\3.3.2.Final\jboss-logging-3.3.2.Final.jar;D:\MavenRepo\com\fasterxml\classmate\1.3.4\classmate-1.3.4.jar;D:\MavenRepo\org\springframework\spring-web\5.0.9.RELEASE\spring-web-5.0.9.RELEASE.jar;D:\MavenRepo\org\springframework\spring-beans\5.0.9.RELEASE\spring-beans-5.0.9.RELEASE.jar;D:\MavenRepo\org\springframework\spring-webmvc\5.0.9.RELEASE\spring-webmvc-5.0.9.RELEASE.jar;D:\MavenRepo\org\springframework\spring-aop\5.0.9.RELEASE\spring-aop-5.0.9.RELEASE.jar;D:\MavenRepo\org\springframework\spring-context\5.0.9.RELEASE\spring-context-5.0.9.RELEASE.jar;D:\MavenRepo\org\springframework\spring-expression\5.0.9.RELEASE\spring-expression-5.0.9.RELEASE.jar;D:\MavenRepo\org\springframework\boot\spring-boot-starter-actuator\2.0.5.RELEASE\spring-boot-starter-actuator-2.0.5.RELEASE.jar;D:\MavenRepo\org\springframework\boot\spring-boot-actuator-autoconfigure\2.0.5.RELEASE\spring-boot-actuator-autoconfigure-2.0.5.RELEASE.jar;D:\MavenRepo\org\springframework\boot\spring-boot-actuator\2.0.5.RELEASE\spring-boot-actuator-2.0.5.RELEASE.jar;D:\MavenRepo\io\micrometer\micrometer-core\1.0.6\micrometer-core-1.0.6.jar;D:\MavenRepo\org\hdrhistogram\HdrHistogram\2.1.10\HdrHistogram-2.1.10.jar;D:\MavenRepo\org\latencyutils\LatencyUtils\2.0.3\LatencyUtils-2.0.3.jar;D:\MavenRepo\org\springframework\cloud\spring-cloud-starter-netflix-eureka-server\2.0.4.RELEASE\spring-cloud-starter-netflix-eureka-server-2.0.4.RELEASE.jar;D:\MavenRepo\org\springframework\cloud\spring-cloud-starter\2.0.4.RELEASE\spring-cloud-starter-2.0.4.RELEASE.jar;D:\MavenRepo\org\springframework\cloud\spring-cloud-context\2.0.4.RELEASE\spring-cloud-context-2.0.4.RELEASE.jar;D:\MavenRepo\org\springframework\security\spring-security-rsa\1.0.7.RELEASE\spring-security-rsa-1.0.7.RELEASE.jar;D:\MavenRepo\org\bouncycastle\bcpkix-jdk15on\1.60\bcpkix-jdk15on-1.60.jar;D:\MavenRepo\org\bouncycastle\bcprov-jdk15on\1.60\bcprov-jdk15on-1.60.jar;D:\MavenRepo\org\springframework\cloud\spring-cloud-netflix-eureka-server\2.0.4.RELEASE\spring-cloud-netflix-eureka-server-2.0.4.RELEASE.jar;D:\MavenRepo\org\springframework\boot\spring-boot-starter-freemarker\2.0.5.RELEASE\spring-boot-starter-freemarker-2.0.5.RELEASE.jar;D:\MavenRepo\org\freemarker\freemarker\2.3.28\freemarker-2.3.28.jar;D:\MavenRepo\org\springframework\spring-context-support\5.0.9.RELEASE\spring-context-support-5.0.9.RELEASE.jar;D:\MavenRepo\com\sun\jersey\jersey-servlet\1.19.1\jersey-servlet-1.19.1.jar;D:\MavenRepo\com\sun\jersey\jersey-server\1.19.1\jersey-server-1.19.1.jar;D:\MavenRepo\com\netflix\archaius\archaius-core\0.7.6\archaius-core-0.7.6.jar;D:\MavenRepo\com\google\code\findbugs\jsr305\3.0.1\jsr305-3.0.1.jar;D:\MavenRepo\com\google\guava\guava\16.0\guava-16.0.jar;D:\MavenRepo\javax\inject\javax.inject\1\javax.inject-1.jar;D:\MavenRepo\com\fasterxml\jackson\dataformat\jackson-dataformat-xml\2.9.6\jackson-dataformat-xml-2.9.6.jar;D:\MavenRepo\com\fasterxml\jackson\module\jackson-module-jaxb-annotations\2.9.6\jackson-module-jaxb-annotations-2.9.6.jar;D:\MavenRepo\org\codehaus\woodstox\stax2-api\3.1.4\stax2-api-3.1.4.jar;D:\MavenRepo\com\fasterxml\woodstox\woodstox-core\5.0.3\woodstox-core-5.0.3.jar;D:\MavenRepo\org\springframework\cloud\spring-cloud-starter-netflix-archaius\2.0.4.RELEASE\spring-cloud-starter-netflix-archaius-2.0.4.RELEASE.jar;D:\MavenRepo\org\springframework\cloud\spring-cloud-netflix-ribbon\2.0.4.RELEASE\spring-cloud-netflix-ribbon-2.0.4.RELEASE.jar;D:\MavenRepo\org\springframework\cloud\spring-cloud-netflix-archaius\2.0.4.RELEASE\spring-cloud-netflix-archaius-2.0.4.RELEASE.jar;D:\MavenRepo\commons-configuration\commons-configuration\1.8\commons-configuration-1.8.jar;D:\MavenRepo\commons-lang\commons-lang\2.6\commons-lang-2.6.jar;D:\MavenRepo\org\springframework\cloud\spring-cloud-starter-netflix-ribbon\2.0.4.RELEASE\spring-cloud-starter-netflix-ribbon-2.0.4.RELEASE.jar;D:\MavenRepo\com\netflix\ribbon\ribbon\2.2.5\ribbon-2.2.5.jar;D:\MavenRepo\com\netflix\ribbon\ribbon-transport\2.2.5\ribbon-transport-2.2.5.jar;D:\MavenRepo\io\reactivex\rxnetty-contexts\0.4.9\rxnetty-contexts-0.4.9.jar;D:\MavenRepo\io\reactivex\rxnetty-servo\0.4.9\rxnetty-servo-0.4.9.jar;D:\MavenRepo\com\netflix\hystrix\hystrix-core\1.5.18\hystrix-core-1.5.18.jar;D:\MavenRepo\io\reactivex\rxnetty\0.4.9\rxnetty-0.4.9.jar;D:\MavenRepo\com\netflix\ribbon\ribbon-core\2.2.5\ribbon-core-2.2.5.jar;D:\MavenRepo\com\netflix\ribbon\ribbon-httpclient\2.2.5\ribbon-httpclient-2.2.5.jar;D:\MavenRepo\commons-collections\commons-collections\3.2.2\commons-collections-3.2.2.jar;D:\MavenRepo\com\netflix\netflix-commons\netflix-commons-util\0.3.0\netflix-commons-util-0.3.0.jar;D:\MavenRepo\com\netflix\ribbon\ribbon-loadbalancer\2.2.5\ribbon-loadbalancer-2.2.5.jar;D:\MavenRepo\com\netflix\netflix-commons\netflix-statistics\0.1.1\netflix-statistics-0.1.1.jar;D:\MavenRepo\io\reactivex\rxjava\1.3.8\rxjava-1.3.8.jar;D:\MavenRepo\com\netflix\ribbon\ribbon-eureka\2.2.5\ribbon-eureka-2.2.5.jar;D:\MavenRepo\org\springframework\cloud\spring-cloud-starter-netflix-eureka-client\2.0.4.RELEASE\spring-cloud-starter-netflix-eureka-client-2.0.4.RELEASE.jar;D:\MavenRepo\org\springframework\cloud\spring-cloud-netflix-core\2.0.4.RELEASE\spring-cloud-netflix-core-2.0.4.RELEASE.jar;D:\MavenRepo\org\springframework\boot\spring-boot-starter-aop\2.0.5.RELEASE\spring-boot-starter-aop-2.0.5.RELEASE.jar;D:\MavenRepo\org\aspectj\aspectjweaver\1.8.13\aspectjweaver-1.8.13.jar;D:\MavenRepo\org\springframework\cloud\spring-cloud-netflix-eureka-client\2.0.4.RELEASE\spring-cloud-netflix-eureka-client-2.0.4.RELEASE.jar;D:\MavenRepo\com\netflix\eureka\eureka-client\1.9.3\eureka-client-1.9.3.jar;D:\MavenRepo\org\codehaus\jettison\jettison\1.3.7\jettison-1.3.7.jar;D:\MavenRepo\stax\stax-api\1.0.1\stax-api-1.0.1.jar;D:\MavenRepo\com\netflix\netflix-commons\netflix-eventbus\0.3.0\netflix-eventbus-0.3.0.jar;D:\MavenRepo\com\netflix\netflix-commons\netflix-infix\0.3.0\netflix-infix-0.3.0.jar;D:\MavenRepo\commons-jxpath\commons-jxpath\1.3\commons-jxpath-1.3.jar;D:\MavenRepo\joda-time\joda-time\2.9.9\joda-time-2.9.9.jar;D:\MavenRepo\org\antlr\antlr-runtime\3.4\antlr-runtime-3.4.jar;D:\MavenRepo\org\antlr\stringtemplate\3.2.1\stringtemplate-3.2.1.jar;D:\MavenRepo\antlr\antlr\2.7.7\antlr-2.7.7.jar;D:\MavenRepo\com\google\code\gson\gson\2.8.5\gson-2.8.5.jar;D:\MavenRepo\org\apache\commons\commons-math\2.2\commons-math-2.2.jar;D:\MavenRepo\javax\ws\rs\jsr311-api\1.1.1\jsr311-api-1.1.1.jar;D:\MavenRepo\com\netflix\servo\servo-core\0.12.21\servo-core-0.12.21.jar;D:\MavenRepo\com\sun\jersey\jersey-core\1.19.1\jersey-core-1.19.1.jar;D:\MavenRepo\com\sun\jersey\jersey-client\1.19.1\jersey-client-1.19.1.jar;D:\MavenRepo\com\sun\jersey\contribs\jersey-apache-client4\1.19.1\jersey-apache-client4-1.19.1.jar;D:\MavenRepo\org\apache\httpcomponents\httpclient\4.5.6\httpclient-4.5.6.jar;D:\MavenRepo\org\apache\httpcomponents\httpcore\4.4.10\httpcore-4.4.10.jar;D:\MavenRepo\commons-codec\commons-codec\1.11\commons-codec-1.11.jar;D:\MavenRepo\com\google\inject\guice\4.1.0\guice-4.1.0.jar;D:\MavenRepo\aopalliance\aopalliance\1.0\aopalliance-1.0.jar;D:\MavenRepo\com\github\vlsi\compactmap\compactmap\1.2.1\compactmap-1.2.1.jar;D:\MavenRepo\com\github\andrewoma\dexx\dexx-collections\0.2\dexx-collections-0.2.jar;D:\MavenRepo\com\fasterxml\jackson\core\jackson-annotations\2.9.0\jackson-annotations-2.9.0.jar;D:\MavenRepo\com\fasterxml\jackson\core\jackson-core\2.9.6\jackson-core-2.9.6.jar;D:\MavenRepo\com\netflix\eureka\eureka-core\1.9.3\eureka-core-1.9.3.jar;D:\MavenRepo\org\codehaus\woodstox\woodstox-core-asl\4.4.1\woodstox-core-asl-4.4.1.jar;D:\MavenRepo\javax\xml\stream\stax-api\1.0-2\stax-api-1.0-2.jar;D:\MavenRepo\com\thoughtworks\xstream\xstream\1.4.10\xstream-1.4.10.jar;D:\MavenRepo\xmlpull\xmlpull\1.1.3.1\xmlpull-1.1.3.1.jar;D:\MavenRepo\xpp3\xpp3_min\1.1.4c\xpp3_min-1.1.4c.jar;"/>
    <property name="java.vm.vendor" value="Oracle Corporation"/>
    <property name="sun.arch.data.model" value="64"/>
    <property name="user.variant" value=""/>
    <property name="java.vendor.url" value="http://java.oracle.com/"/>
    <property name="user.timezone" value=""/>
    <property name="java.vm.specification.version" value="1.8"/>
    <property name="os.name" value="Windows 10"/>
    <property name="user.country" value="CN"/>
    <property name="sun.java.launcher" value="SUN_STANDARD"/>
    <property name="sun.boot.library.path" value="C:\Program Files\Java\jdk1.8.0_192\jre\bin"/>
    <property name="sun.java.command" value="C:\Users\GARA\AppData\Local\Temp\surefire6317576119548860239\surefirebooter8052514444540985729.jar C:\Users\GARA\AppData\Local\Temp\surefire6317576119548860239 2019-10-23T14-11-56_575-jvmRun1 surefire3523878395370233308tmp surefire_09074338353694434983tmp"/>
    <property name="surefire.test.class.path" value="D:\GIT\SpringCloud\eureka-server\target\test-classes;D:\GIT\SpringCloud\eureka-server\target\classes;D:\MavenRepo\org\springframework\cloud\spring-cloud-commons\2.0.4.RELEASE\spring-cloud-commons-2.0.4.RELEASE.jar;D:\MavenRepo\org\springframework\security\spring-security-crypto\5.0.8.RELEASE\spring-security-crypto-5.0.8.RELEASE.jar;D:\MavenRepo\org\springframework\boot\spring-boot-starter-test\2.0.5.RELEASE\spring-boot-starter-test-2.0.5.RELEASE.jar;D:\MavenRepo\org\springframework\boot\spring-boot-starter\2.0.5.RELEASE\spring-boot-starter-2.0.5.RELEASE.jar;D:\MavenRepo\org\springframework\boot\spring-boot\2.0.5.RELEASE\spring-boot-2.0.5.RELEASE.jar;D:\MavenRepo\org\springframework\boot\spring-boot-autoconfigure\2.0.5.RELEASE\spring-boot-autoconfigure-2.0.5.RELEASE.jar;D:\MavenRepo\org\springframework\boot\spring-boot-starter-logging\2.0.5.RELEASE\spring-boot-starter-logging-2.0.5.RELEASE.jar;D:\MavenRepo\ch\qos\logback\logback-classic\1.2.3\logback-classic-1.2.3.jar;D:\MavenRepo\ch\qos\logback\logback-core\1.2.3\logback-core-1.2.3.jar;D:\MavenRepo\org\apache\logging\log4j\log4j-to-slf4j\2.10.0\log4j-to-slf4j-2.10.0.jar;D:\MavenRepo\org\apache\logging\log4j\log4j-api\2.10.0\log4j-api-2.10.0.jar;D:\MavenRepo\org\slf4j\jul-to-slf4j\1.7.25\jul-to-slf4j-1.7.25.jar;D:\MavenRepo\javax\annotation\javax.annotation-api\1.3.2\javax.annotation-api-1.3.2.jar;D:\MavenRepo\org\yaml\snakeyaml\1.19\snakeyaml-1.19.jar;D:\MavenRepo\org\springframework\boot\spring-boot-test\2.0.5.RELEASE\spring-boot-test-2.0.5.RELEASE.jar;D:\MavenRepo\org\springframework\boot\spring-boot-test-autoconfigure\2.0.5.RELEASE\spring-boot-test-autoconfigure-2.0.5.RELEASE.jar;D:\MavenRepo\com\jayway\jsonpath\json-path\2.4.0\json-path-2.4.0.jar;D:\MavenRepo\net\minidev\json-smart\2.3\json-smart-2.3.jar;D:\MavenRepo\net\minidev\accessors-smart\1.2\accessors-smart-1.2.jar;D:\MavenRepo\org\ow2\asm\asm\5.0.4\asm-5.0.4.jar;D:\MavenRepo\org\slf4j\slf4j-api\1.7.25\slf4j-api-1.7.25.jar;D:\MavenRepo\junit\junit\4.12\junit-4.12.jar;D:\MavenRepo\org\assertj\assertj-core\3.9.1\assertj-core-3.9.1.jar;D:\MavenRepo\org\mockito\mockito-core\2.15.0\mockito-core-2.15.0.jar;D:\MavenRepo\net\bytebuddy\byte-buddy\1.7.11\byte-buddy-1.7.11.jar;D:\MavenRepo\net\bytebuddy\byte-buddy-agent\1.7.11\byte-buddy-agent-1.7.11.jar;D:\MavenRepo\org\objenesis\objenesis\2.6\objenesis-2.6.jar;D:\MavenRepo\org\hamcrest\hamcrest-core\1.3\hamcrest-core-1.3.jar;D:\MavenRepo\org\hamcrest\hamcrest-library\1.3\hamcrest-library-1.3.jar;D:\MavenRepo\org\skyscreamer\jsonassert\1.5.0\jsonassert-1.5.0.jar;D:\MavenRepo\com\vaadin\external\google\android-json\0.0.20131108.vaadin1\android-json-0.0.20131108.vaadin1.jar;D:\MavenRepo\org\springframework\spring-core\5.0.9.RELEASE\spring-core-5.0.9.RELEASE.jar;D:\MavenRepo\org\springframework\spring-jcl\5.0.9.RELEASE\spring-jcl-5.0.9.RELEASE.jar;D:\MavenRepo\org\springframework\spring-test\5.0.9.RELEASE\spring-test-5.0.9.RELEASE.jar;D:\MavenRepo\org\xmlunit\xmlunit-core\2.5.1\xmlunit-core-2.5.1.jar;D:\MavenRepo\org\springframework\boot\spring-boot-starter-web\2.0.5.RELEASE\spring-boot-starter-web-2.0.5.RELEASE.jar;D:\MavenRepo\org\springframework\boot\spring-boot-starter-json\2.0.5.RELEASE\spring-boot-starter-json-2.0.5.RELEASE.jar;D:\MavenRepo\com\fasterxml\jackson\core\jackson-databind\2.9.6\jackson-databind-2.9.6.jar;D:\MavenRepo\com\fasterxml\jackson\datatype\jackson-datatype-jdk8\2.9.6\jackson-datatype-jdk8-2.9.6.jar;D:\MavenRepo\com\fasterxml\jackson\datatype\jackson-datatype-jsr310\2.9.6\jackson-datatype-jsr310-2.9.6.jar;D:\MavenRepo\com\fasterxml\jackson\module\jackson-module-parameter-names\2.9.6\jackson-module-parameter-names-2.9.6.jar;D:\MavenRepo\org\springframework\boot\spring-boot-starter-tomcat\2.0.5.RELEASE\spring-boot-starter-tomcat-2.0.5.RELEASE.jar;D:\MavenRepo\org\apache\tomcat\embed\tomcat-embed-core\8.5.34\tomcat-embed-core-8.5.34.jar;D:\MavenRepo\org\apache\tomcat\embed\tomcat-embed-el\8.5.34\tomcat-embed-el-8.5.34.jar;D:\MavenRepo\org\apache\tomcat\embed\tomcat-embed-websocket\8.5.34\tomcat-embed-websocket-8.5.34.jar;D:\MavenRepo\org\hibernate\validator\hibernate-validator\6.0.12.Final\hibernate-validator-6.0.12.Final.jar;D:\MavenRepo\javax\validation\validation-api\2.0.1.Final\validation-api-2.0.1.Final.jar;D:\MavenRepo\org\jboss\logging\jboss-logging\3.3.2.Final\jboss-logging-3.3.2.Final.jar;D:\MavenRepo\com\fasterxml\classmate\1.3.4\classmate-1.3.4.jar;D:\MavenRepo\org\springframework\spring-web\5.0.9.RELEASE\spring-web-5.0.9.RELEASE.jar;D:\MavenRepo\org\springframework\spring-beans\5.0.9.RELEASE\spring-beans-5.0.9.RELEASE.jar;D:\MavenRepo\org\springframework\spring-webmvc\5.0.9.RELEASE\spring-webmvc-5.0.9.RELEASE.jar;D:\MavenRepo\org\springframework\spring-aop\5.0.9.RELEASE\spring-aop-5.0.9.RELEASE.jar;D:\MavenRepo\org\springframework\spring-context\5.0.9.RELEASE\spring-context-5.0.9.RELEASE.jar;D:\MavenRepo\org\springframework\spring-expression\5.0.9.RELEASE\spring-expression-5.0.9.RELEASE.jar;D:\MavenRepo\org\springframework\boot\spring-boot-starter-actuator\2.0.5.RELEASE\spring-boot-starter-actuator-2.0.5.RELEASE.jar;D:\MavenRepo\org\springframework\boot\spring-boot-actuator-autoconfigure\2.0.5.RELEASE\spring-boot-actuator-autoconfigure-2.0.5.RELEASE.jar;D:\MavenRepo\org\springframework\boot\spring-boot-actuator\2.0.5.RELEASE\spring-boot-actuator-2.0.5.RELEASE.jar;D:\MavenRepo\io\micrometer\micrometer-core\1.0.6\micrometer-core-1.0.6.jar;D:\MavenRepo\org\hdrhistogram\HdrHistogram\2.1.10\HdrHistogram-2.1.10.jar;D:\MavenRepo\org\latencyutils\LatencyUtils\2.0.3\LatencyUtils-2.0.3.jar;D:\MavenRepo\org\springframework\cloud\spring-cloud-starter-netflix-eureka-server\2.0.4.RELEASE\spring-cloud-starter-netflix-eureka-server-2.0.4.RELEASE.jar;D:\MavenRepo\org\springframework\cloud\spring-cloud-starter\2.0.4.RELEASE\spring-cloud-starter-2.0.4.RELEASE.jar;D:\MavenRepo\org\springframework\cloud\spring-cloud-context\2.0.4.RELEASE\spring-cloud-context-2.0.4.RELEASE.jar;D:\MavenRepo\org\springframework\security\spring-security-rsa\1.0.7.RELEASE\spring-security-rsa-1.0.7.RELEASE.jar;D:\MavenRepo\org\bouncycastle\bcpkix-jdk15on\1.60\bcpkix-jdk15on-1.60.jar;D:\MavenRepo\org\bouncycastle\bcprov-jdk15on\1.60\bcprov-jdk15on-1.60.jar;D:\MavenRepo\org\springframework\cloud\spring-cloud-netflix-eureka-server\2.0.4.RELEASE\spring-cloud-netflix-eureka-server-2.0.4.RELEASE.jar;D:\MavenRepo\org\springframework\boot\spring-boot-starter-freemarker\2.0.5.RELEASE\spring-boot-starter-freemarker-2.0.5.RELEASE.jar;D:\MavenRepo\org\freemarker\freemarker\2.3.28\freemarker-2.3.28.jar;D:\MavenRepo\org\springframework\spring-context-support\5.0.9.RELEASE\spring-context-support-5.0.9.RELEASE.jar;D:\MavenRepo\com\sun\jersey\jersey-servlet\1.19.1\jersey-servlet-1.19.1.jar;D:\MavenRepo\com\sun\jersey\jersey-server\1.19.1\jersey-server-1.19.1.jar;D:\MavenRepo\com\netflix\archaius\archaius-core\0.7.6\archaius-core-0.7.6.jar;D:\MavenRepo\com\google\code\findbugs\jsr305\3.0.1\jsr305-3.0.1.jar;D:\MavenRepo\com\google\guava\guava\16.0\guava-16.0.jar;D:\MavenRepo\javax\inject\javax.inject\1\javax.inject-1.jar;D:\MavenRepo\com\fasterxml\jackson\dataformat\jackson-dataformat-xml\2.9.6\jackson-dataformat-xml-2.9.6.jar;D:\MavenRepo\com\fasterxml\jackson\module\jackson-module-jaxb-annotations\2.9.6\jackson-module-jaxb-annotations-2.9.6.jar;D:\MavenRepo\org\codehaus\woodstox\stax2-api\3.1.4\stax2-api-3.1.4.jar;D:\MavenRepo\com\fasterxml\woodstox\woodstox-core\5.0.3\woodstox-core-5.0.3.jar;D:\MavenRepo\org\springframework\cloud\spring-cloud-starter-netflix-archaius\2.0.4.RELEASE\spring-cloud-starter-netflix-archaius-2.0.4.RELEASE.jar;D:\MavenRepo\org\springframework\cloud\spring-cloud-netflix-ribbon\2.0.4.RELEASE\spring-cloud-netflix-ribbon-2.0.4.RELEASE.jar;D:\MavenRepo\org\springframework\cloud\spring-cloud-netflix-archaius\2.0.4.RELEASE\spring-cloud-netflix-archaius-2.0.4.RELEASE.jar;D:\MavenRepo\commons-configuration\commons-configuration\1.8\commons-configuration-1.8.jar;D:\MavenRepo\commons-lang\commons-lang\2.6\commons-lang-2.6.jar;D:\MavenRepo\org\springframework\cloud\spring-cloud-starter-netflix-ribbon\2.0.4.RELEASE\spring-cloud-starter-netflix-ribbon-2.0.4.RELEASE.jar;D:\MavenRepo\com\netflix\ribbon\ribbon\2.2.5\ribbon-2.2.5.jar;D:\MavenRepo\com\netflix\ribbon\ribbon-transport\2.2.5\ribbon-transport-2.2.5.jar;D:\MavenRepo\io\reactivex\rxnetty-contexts\0.4.9\rxnetty-contexts-0.4.9.jar;D:\MavenRepo\io\reactivex\rxnetty-servo\0.4.9\rxnetty-servo-0.4.9.jar;D:\MavenRepo\com\netflix\hystrix\hystrix-core\1.5.18\hystrix-core-1.5.18.jar;D:\MavenRepo\io\reactivex\rxnetty\0.4.9\rxnetty-0.4.9.jar;D:\MavenRepo\com\netflix\ribbon\ribbon-core\2.2.5\ribbon-core-2.2.5.jar;D:\MavenRepo\com\netflix\ribbon\ribbon-httpclient\2.2.5\ribbon-httpclient-2.2.5.jar;D:\MavenRepo\commons-collections\commons-collections\3.2.2\commons-collections-3.2.2.jar;D:\MavenRepo\com\netflix\netflix-commons\netflix-commons-util\0.3.0\netflix-commons-util-0.3.0.jar;D:\MavenRepo\com\netflix\ribbon\ribbon-loadbalancer\2.2.5\ribbon-loadbalancer-2.2.5.jar;D:\MavenRepo\com\netflix\netflix-commons\netflix-statistics\0.1.1\netflix-statistics-0.1.1.jar;D:\MavenRepo\io\reactivex\rxjava\1.3.8\rxjava-1.3.8.jar;D:\MavenRepo\com\netflix\ribbon\ribbon-eureka\2.2.5\ribbon-eureka-2.2.5.jar;D:\MavenRepo\org\springframework\cloud\spring-cloud-starter-netflix-eureka-client\2.0.4.RELEASE\spring-cloud-starter-netflix-eureka-client-2.0.4.RELEASE.jar;D:\MavenRepo\org\springframework\cloud\spring-cloud-netflix-core\2.0.4.RELEASE\spring-cloud-netflix-core-2.0.4.RELEASE.jar;D:\MavenRepo\org\springframework\boot\spring-boot-starter-aop\2.0.5.RELEASE\spring-boot-starter-aop-2.0.5.RELEASE.jar;D:\MavenRepo\org\aspectj\aspectjweaver\1.8.13\aspectjweaver-1.8.13.jar;D:\MavenRepo\org\springframework\cloud\spring-cloud-netflix-eureka-client\2.0.4.RELEASE\spring-cloud-netflix-eureka-client-2.0.4.RELEASE.jar;D:\MavenRepo\com\netflix\eureka\eureka-client\1.9.3\eureka-client-1.9.3.jar;D:\MavenRepo\org\codehaus\jettison\jettison\1.3.7\jettison-1.3.7.jar;D:\MavenRepo\stax\stax-api\1.0.1\stax-api-1.0.1.jar;D:\MavenRepo\com\netflix\netflix-commons\netflix-eventbus\0.3.0\netflix-eventbus-0.3.0.jar;D:\MavenRepo\com\netflix\netflix-commons\netflix-infix\0.3.0\netflix-infix-0.3.0.jar;D:\MavenRepo\commons-jxpath\commons-jxpath\1.3\commons-jxpath-1.3.jar;D:\MavenRepo\joda-time\joda-time\2.9.9\joda-time-2.9.9.jar;D:\MavenRepo\org\antlr\antlr-runtime\3.4\antlr-runtime-3.4.jar;D:\MavenRepo\org\antlr\stringtemplate\3.2.1\stringtemplate-3.2.1.jar;D:\MavenRepo\antlr\antlr\2.7.7\antlr-2.7.7.jar;D:\MavenRepo\com\google\code\gson\gson\2.8.5\gson-2.8.5.jar;D:\MavenRepo\org\apache\commons\commons-math\2.2\commons-math-2.2.jar;D:\MavenRepo\javax\ws\rs\jsr311-api\1.1.1\jsr311-api-1.1.1.jar;D:\MavenRepo\com\netflix\servo\servo-core\0.12.21\servo-core-0.12.21.jar;D:\MavenRepo\com\sun\jersey\jersey-core\1.19.1\jersey-core-1.19.1.jar;D:\MavenRepo\com\sun\jersey\jersey-client\1.19.1\jersey-client-1.19.1.jar;D:\MavenRepo\com\sun\jersey\contribs\jersey-apache-client4\1.19.1\jersey-apache-client4-1.19.1.jar;D:\MavenRepo\org\apache\httpcomponents\httpclient\4.5.6\httpclient-4.5.6.jar;D:\MavenRepo\org\apache\httpcomponents\httpcore\4.4.10\httpcore-4.4.10.jar;D:\MavenRepo\commons-codec\commons-codec\1.11\commons-codec-1.11.jar;D:\MavenRepo\com\google\inject\guice\4.1.0\guice-4.1.0.jar;D:\MavenRepo\aopalliance\aopalliance\1.0\aopalliance-1.0.jar;D:\MavenRepo\com\github\vlsi\compactmap\compactmap\1.2.1\compactmap-1.2.1.jar;D:\MavenRepo\com\github\andrewoma\dexx\dexx-collections\0.2\dexx-collections-0.2.jar;D:\MavenRepo\com\fasterxml\jackson\core\jackson-annotations\2.9.0\jackson-annotations-2.9.0.jar;D:\MavenRepo\com\fasterxml\jackson\core\jackson-core\2.9.6\jackson-core-2.9.6.jar;D:\MavenRepo\com\netflix\eureka\eureka-core\1.9.3\eureka-core-1.9.3.jar;D:\MavenRepo\org\codehaus\woodstox\woodstox-core-asl\4.4.1\woodstox-core-asl-4.4.1.jar;D:\MavenRepo\javax\xml\stream\stax-api\1.0-2\stax-api-1.0-2.jar;D:\MavenRepo\com\thoughtworks\xstream\xstream\1.4.10\xstream-1.4.10.jar;D:\MavenRepo\xmlpull\xmlpull\1.1.3.1\xmlpull-1.1.3.1.jar;D:\MavenRepo\xpp3\xpp3_min\1.1.4c\xpp3_min-1.1.4c.jar;"/>
    <property name="sun.cpu.endian" value="little"/>
    <property name="user.home" value="C:\Users\GARA"/>
    <property name="user.language" value="zh"/>
    <property name="java.specification.vendor" value="Oracle Corporation"/>
    <property name="java.home" value="C:\Program Files\Java\jdk1.8.0_192\jre"/>
    <property name="basedir" value="D:\GIT\SpringCloud\eureka-server"/>
    <property name="file.separator" value="\"/>
    <property name="line.separator" value="&#10;"/>
    <property name="java.vm.specification.vendor" value="Oracle Corporation"/>
    <property name="java.specification.name" value="Java Platform API Specification"/>
    <property name="java.awt.graphicsenv" value="sun.awt.Win32GraphicsEnvironment"/>
    <property name="surefire.real.class.path" value="C:\Users\GARA\AppData\Local\Temp\surefire6317576119548860239\surefirebooter8052514444540985729.jar"/>
    <property name="sun.boot.class.path" value="C:\Program Files\Java\jdk1.8.0_192\jre\lib\resources.jar;C:\Program Files\Java\jdk1.8.0_192\jre\lib\rt.jar;C:\Program Files\Java\jdk1.8.0_192\jre\lib\sunrsasign.jar;C:\Program Files\Java\jdk1.8.0_192\jre\lib\jsse.jar;C:\Program Files\Java\jdk1.8.0_192\jre\lib\jce.jar;C:\Program Files\Java\jdk1.8.0_192\jre\lib\charsets.jar;C:\Program Files\Java\jdk1.8.0_192\jre\lib\jfr.jar;C:\Program Files\Java\jdk1.8.0_192\jre\classes"/>
    <property name="user.script" value=""/>
    <property name="sun.management.compiler" value="HotSpot 64-Bit Tiered Compilers"/>
    <property name="java.runtime.version" value="1.8.0_192-b12"/>
    <property name="user.name" value="GARA"/>
    <property name="path.separator" value=";"/>
    <property name="os.version" value="10.0"/>
    <property name="java.endorsed.dirs" value="C:\Program Files\Java\jdk1.8.0_192\jre\lib\endorsed"/>
    <property name="java.runtime.name" value="Java(TM) SE Runtime Environment"/>
    <property name="file.encoding" value="GBK"/>
    <property name="java.vm.name" value="Java HotSpot(TM) 64-Bit Server VM"/>
    <property name="localRepository" value="D:\MavenRepo"/>
    <property name="java.vendor.url.bug" value="http://bugreport.sun.com/bugreport/"/>
    <property name="java.io.tmpdir" value="C:\Users\GARA\AppData\Local\Temp\"/>
    <property name="idea.version" value="2017.3.6"/>
    <property name="java.version" value="1.8.0_192"/>
    <property name="user.dir" value="D:\GIT\SpringCloud\eureka-server"/>
    <property name="os.arch" value="amd64"/>
    <property name="java.vm.specification.name" value="Java Virtual Machine Specification"/>
    <property name="java.awt.printerjob" value="sun.awt.windows.WPrinterJob"/>
    <property name="sun.os.patch.level" value=""/>
    <property name="java.library.path" value="C:\Program Files\Java\jdk1.8.0_192\jre\bin;C:\WINDOWS\Sun\Java\bin;C:\WINDOWS\system32;C:\WINDOWS;C:\Program Files (x86)\Common Files\Oracle\Java\javapath;C:\Program Files (x86)\Intel\Intel(R) Management Engine Components\iCLS\;C:\Program Files\Intel\Intel(R) Management Engine Components\iCLS\;C:\WINDOWS\system32;C:\WINDOWS;C:\WINDOWS\System32\Wbem;C:\WINDOWS\System32\WindowsPowerShell\v1.0\;C:\WINDOWS\System32\OpenSSH\;C:\Program Files (x86)\Intel\Intel(R) Management Engine Components\DAL;C:\Program Files\Intel\Intel(R) Management Engine Components\DAL;C:\Program Files (x86)\Intel\Intel(R) Management Engine Components\IPT;C:\Program Files\Intel\Intel(R) Management Engine Components\IPT;C:\Program Files\Java\jdk1.8.0_192\bin;C:\Program Files\Java\jdk1.8.0_192\jre\bin;C:\Program Files\Git\cmd;E:\software-install\apache-maven-3.6.0-bin\apache-maven-3.6.0\bin;E:\software-install\OpenVPN\bin;E:\software-install\mysql-5.7.24-winx64\bin;F:\hadoop-common-2.2.0-bin\bin;％CURL_HOME％\bin;E:\software-install\gradle\gradle-5.4-all\gradle-5.6.1\bin;C:\Program Files\TortoiseSVN\bin;D:\study\springboot\cli\spring-2.1.4.RELEASE\bin;C:\Users\GARA\AppData\Local\Microsoft\WindowsApps;;."/>
    <property name="java.vm.info" value="mixed mode"/>
    <property name="java.vendor" value="Oracle Corporation"/>
    <property name="java.vm.version" value="25.192-b12"/>
    <property name="java.ext.dirs" value="C:\Program Files\Java\jdk1.8.0_192\jre\lib\ext;C:\WINDOWS\Sun\Java\lib\ext"/>
    <property name="sun.io.unicode.encoding" value="UnicodeLittle"/>
    <property name="java.class.version" value="52.0"/>
  </properties>
  <testcase name="contextLoads" classname="com.gara.eurekaserver.EurekaServerApplicationTests" time="0.075"/>
</testsuite>